c:\users\takamasa kambe\documents\visual studio 2015\projects\win32project15-3\win32project15\debug\vc141.pdb
c:\users\takamasa kambe\documents\visual studio 2015\projects\win32project15-3\win32project15\debug\vc141.idb
c:\users\takamasa kambe\documents\visual studio 2015\projects\win32project15-3\win32project15\debug\animation.obj
c:\users\takamasa kambe\documents\visual studio 2015\projects\win32project15-3\win32project15\debug\binaryfile.obj
c:\users\takamasa kambe\documents\visual studio 2015\projects\win32project15-3\win32project15\debug\camera.obj
c:\users\takamasa kambe\documents\visual studio 2015\projects\win32project15-3\win32project15\debug\character.obj
c:\users\takamasa kambe\documents\visual studio 2015\projects\win32project15-3\win32project15\debug\enemy.obj
c:\users\takamasa kambe\documents\visual studio 2015\projects\win32project15-3\win32project15\debug\game.obj
c:\users\takamasa kambe\documents\visual studio 2015\projects\win32project15-3\win32project15\debug\gameframe.obj
c:\users\takamasa kambe\documents\visual studio 2015\projects\win32project15-3\win32project15\debug\gamemain.obj
c:\users\takamasa kambe\documents\visual studio 2015\projects\win32project15-3\win32project15\debug\input.obj
c:\users\takamasa kambe\documents\visual studio 2015\projects\win32project15-3\win32project15\debug\monster.obj
c:\users\takamasa kambe\documents\visual studio 2015\projects\win32project15-3\win32project15\debug\sound.obj
c:\users\takamasa kambe\documents\visual studio 2015\projects\win32project15-3\win32project15\debug\stage.obj
c:\users\takamasa kambe\documents\visual studio 2015\projects\win32project15-3\win32project15\debug\task.obj
c:\users\takamasa kambe\documents\visual studio 2015\projects\win32project15-3\win32project15\debug\textparam.obj
c:\users\takamasa kambe\documents\visual studio 2015\projects\win32project15-3\win32project15\debug\title.obj
c:\users\takamasa kambe\documents\visual studio 2015\projects\win32project15-3\win32project15\debug\weapon.obj
c:\users\takamasa kambe\documents\visual studio 2015\projects\win32project15-3\win32project15\debug\winmain.obj
c:\users\takamasa kambe\documents\visual studio 2015\projects\win32project15-3\win32project15\debug\player.obj
c:\users\takamasa kambe\documents\visual studio 2017\projects\win32project15-3\win32project15\debug\vc141.pdb
c:\users\takamasa kambe\documents\visual studio 2017\projects\win32project15-3\win32project15\debug\vc141.idb
c:\users\takamasa kambe\documents\visual studio 2017\projects\win32project15-3\win32project15\debug\animation.obj
c:\users\takamasa kambe\documents\visual studio 2017\projects\win32project15-3\win32project15\debug\binaryfile.obj
c:\users\takamasa kambe\documents\visual studio 2017\projects\win32project15-3\win32project15\debug\camera.obj
c:\users\takamasa kambe\documents\visual studio 2017\projects\win32project15-3\win32project15\debug\character.obj
c:\users\takamasa kambe\documents\visual studio 2017\projects\win32project15-3\win32project15\debug\enemy.obj
c:\users\takamasa kambe\documents\visual studio 2017\projects\win32project15-3\win32project15\debug\game.obj
c:\users\takamasa kambe\documents\visual studio 2017\projects\win32project15-3\win32project15\debug\gameframe.obj
c:\users\takamasa kambe\documents\visual studio 2017\projects\win32project15-3\win32project15\debug\gamemain.obj
c:\users\takamasa kambe\documents\visual studio 2017\projects\win32project15-3\win32project15\debug\input.obj
c:\users\takamasa kambe\documents\visual studio 2017\projects\win32project15-3\win32project15\debug\monster.obj
c:\users\takamasa kambe\documents\visual studio 2017\projects\win32project15-3\win32project15\debug\player.obj
c:\users\takamasa kambe\documents\visual studio 2017\projects\win32project15-3\win32project15\debug\sound.obj
c:\users\takamasa kambe\documents\visual studio 2017\projects\win32project15-3\win32project15\debug\stage.obj
c:\users\takamasa kambe\documents\visual studio 2017\projects\win32project15-3\win32project15\debug\task.obj
c:\users\takamasa kambe\documents\visual studio 2017\projects\win32project15-3\win32project15\debug\textparam.obj
c:\users\takamasa kambe\documents\visual studio 2017\projects\win32project15-3\win32project15\debug\title.obj
c:\users\takamasa kambe\documents\visual studio 2017\projects\win32project15-3\win32project15\debug\weapon.obj
c:\users\takamasa kambe\documents\visual studio 2017\projects\win32project15-3\win32project15\debug\winmain.obj
c:\users\takamasa kambe\documents\visual studio 2015\projects\win32project15-3\debug\win32project15.exe
c:\users\takamasa kambe\documents\visual studio 2015\projects\win32project15-3\debug\win32project15.ilk
c:\users\takamasa kambe\documents\visual studio 2015\projects\win32project15-3\debug\win32project15.pdb
c:\users\takamasa kambe\documents\visual studio 2017\projects\win32project15-3\debug\win32project15.exe
c:\users\takamasa kambe\documents\visual studio 2017\projects\win32project15-3\debug\win32project15.ilk
c:\users\takamasa kambe\documents\visual studio 2017\projects\win32project15-3\debug\win32project15.pdb
c:\users\takamasa kambe\documents\visual studio 2017\projects\win32project15-3\win32project15\debug\win32project15.tlog\cl.command.1.tlog
c:\users\takamasa kambe\documents\visual studio 2017\projects\win32project15-3\win32project15\debug\win32project15.tlog\cl.read.1.tlog
c:\users\takamasa kambe\documents\visual studio 2017\projects\win32project15-3\win32project15\debug\win32project15.tlog\cl.write.1.tlog
c:\users\takamasa kambe\documents\visual studio 2017\projects\win32project15-3\win32project15\debug\win32project15.tlog\link.command.1.tlog
c:\users\takamasa kambe\documents\visual studio 2017\projects\win32project15-3\win32project15\debug\win32project15.tlog\link.read.1.tlog
c:\users\takamasa kambe\documents\visual studio 2017\projects\win32project15-3\win32project15\debug\win32project15.tlog\link.write.1.tlog
